{"C:\\Users\\vpj97\\workspace\\testing-workshop\\src\\validateScore.js": {"path":"C:\\Users\\vpj97\\workspace\\testing-workshop\\src\\validateScore.js","all":false,"statementMap":{"0":{"start":{"line":1,"column":0},"end":{"line":1,"column":3}},"1":{"start":{"line":2,"column":0},"end":{"line":2,"column":67}},"2":{"start":{"line":3,"column":0},"end":{"line":3,"column":10}},"3":{"start":{"line":4,"column":0},"end":{"line":4,"column":1}},"4":{"start":{"line":5,"column":0},"end":{"line":5,"column":63}},"5":{"start":{"line":6,"column":0},"end":{"line":6,"column":51}},"6":{"start":{"line":7,"column":0},"end":{"line":7,"column":61}},"7":{"start":{"line":8,"column":0},"end":{"line":8,"column":23}},"8":{"start":{"line":9,"column":0},"end":{"line":9,"column":62}},"9":{"start":{"line":10,"column":0},"end":{"line":10,"column":40}},"10":{"start":{"line":11,"column":0},"end":{"line":11,"column":61}},"11":{"start":{"line":12,"column":0},"end":{"line":12,"column":28}},"12":{"start":{"line":13,"column":0},"end":{"line":13,"column":44}},"13":{"start":{"line":14,"column":0},"end":{"line":14,"column":2}},"14":{"start":{"line":15,"column":0},"end":{"line":15,"column":45}},"15":{"start":{"line":16,"column":0},"end":{"line":16,"column":28}},"16":{"start":{"line":17,"column":0},"end":{"line":17,"column":50}},"17":{"start":{"line":18,"column":0},"end":{"line":18,"column":49}},"18":{"start":{"line":19,"column":0},"end":{"line":19,"column":56}},"19":{"start":{"line":20,"column":0},"end":{"line":20,"column":0}},"20":{"start":{"line":21,"column":0},"end":{"line":21,"column":19}},"21":{"start":{"line":22,"column":0},"end":{"line":22,"column":18}},"22":{"start":{"line":23,"column":0},"end":{"line":23,"column":16}},"23":{"start":{"line":24,"column":0},"end":{"line":24,"column":17}},"24":{"start":{"line":25,"column":0},"end":{"line":25,"column":18}},"25":{"start":{"line":26,"column":0},"end":{"line":26,"column":14}},"26":{"start":{"line":27,"column":0},"end":{"line":27,"column":15}},"27":{"start":{"line":28,"column":0},"end":{"line":28,"column":4}},"28":{"start":{"line":29,"column":0},"end":{"line":29,"column":0}},"29":{"start":{"line":30,"column":0},"end":{"line":30,"column":21}},"30":{"start":{"line":31,"column":0},"end":{"line":31,"column":46}},"31":{"start":{"line":32,"column":0},"end":{"line":32,"column":25}},"32":{"start":{"line":33,"column":0},"end":{"line":33,"column":49}},"33":{"start":{"line":34,"column":0},"end":{"line":34,"column":18}},"34":{"start":{"line":35,"column":0},"end":{"line":35,"column":3}},"35":{"start":{"line":36,"column":0},"end":{"line":36,"column":0}},"36":{"start":{"line":37,"column":0},"end":{"line":37,"column":34}},"37":{"start":{"line":38,"column":0},"end":{"line":38,"column":25}},"38":{"start":{"line":39,"column":0},"end":{"line":39,"column":52}},"39":{"start":{"line":40,"column":0},"end":{"line":40,"column":18}},"40":{"start":{"line":41,"column":0},"end":{"line":41,"column":3}},"41":{"start":{"line":42,"column":0},"end":{"line":42,"column":0}},"42":{"start":{"line":43,"column":0},"end":{"line":43,"column":33}},"43":{"start":{"line":44,"column":0},"end":{"line":44,"column":25}},"44":{"start":{"line":45,"column":0},"end":{"line":45,"column":63}},"45":{"start":{"line":46,"column":0},"end":{"line":46,"column":18}},"46":{"start":{"line":47,"column":0},"end":{"line":47,"column":3}},"47":{"start":{"line":48,"column":0},"end":{"line":48,"column":0}},"48":{"start":{"line":49,"column":0},"end":{"line":49,"column":24}},"49":{"start":{"line":50,"column":0},"end":{"line":50,"column":19}},"50":{"start":{"line":51,"column":0},"end":{"line":51,"column":57}},"51":{"start":{"line":52,"column":0},"end":{"line":52,"column":27}},"52":{"start":{"line":53,"column":0},"end":{"line":53,"column":62}},"53":{"start":{"line":54,"column":0},"end":{"line":54,"column":20}},"54":{"start":{"line":55,"column":0},"end":{"line":55,"column":5}},"55":{"start":{"line":56,"column":0},"end":{"line":56,"column":0}},"56":{"start":{"line":57,"column":0},"end":{"line":57,"column":35}},"57":{"start":{"line":58,"column":0},"end":{"line":58,"column":27}},"58":{"start":{"line":59,"column":0},"end":{"line":59,"column":60}},"59":{"start":{"line":60,"column":0},"end":{"line":60,"column":20}},"60":{"start":{"line":61,"column":0},"end":{"line":61,"column":5}},"61":{"start":{"line":62,"column":0},"end":{"line":62,"column":3}},"62":{"start":{"line":63,"column":0},"end":{"line":63,"column":0}},"63":{"start":{"line":64,"column":0},"end":{"line":64,"column":54}},"64":{"start":{"line":65,"column":0},"end":{"line":65,"column":25}},"65":{"start":{"line":66,"column":0},"end":{"line":66,"column":0}},"66":{"start":{"line":67,"column":0},"end":{"line":67,"column":35}},"67":{"start":{"line":68,"column":0},"end":{"line":68,"column":65}},"68":{"start":{"line":69,"column":0},"end":{"line":69,"column":57}},"69":{"start":{"line":70,"column":0},"end":{"line":70,"column":30}},"70":{"start":{"line":71,"column":0},"end":{"line":71,"column":3}},"71":{"start":{"line":72,"column":0},"end":{"line":72,"column":0}},"72":{"start":{"line":73,"column":0},"end":{"line":73,"column":20}},"73":{"start":{"line":74,"column":0},"end":{"line":74,"column":45}},"74":{"start":{"line":75,"column":0},"end":{"line":75,"column":0}},"75":{"start":{"line":76,"column":0},"end":{"line":76,"column":20}},"76":{"start":{"line":77,"column":0},"end":{"line":77,"column":25}},"77":{"start":{"line":78,"column":0},"end":{"line":78,"column":23}},"78":{"start":{"line":79,"column":0},"end":{"line":79,"column":32}},"79":{"start":{"line":80,"column":0},"end":{"line":80,"column":23}},"80":{"start":{"line":81,"column":0},"end":{"line":81,"column":32}},"81":{"start":{"line":82,"column":0},"end":{"line":82,"column":23}},"82":{"start":{"line":83,"column":0},"end":{"line":83,"column":32}},"83":{"start":{"line":84,"column":0},"end":{"line":84,"column":23}},"84":{"start":{"line":85,"column":0},"end":{"line":85,"column":10}},"85":{"start":{"line":86,"column":0},"end":{"line":86,"column":23}},"86":{"start":{"line":87,"column":0},"end":{"line":87,"column":3}},"87":{"start":{"line":88,"column":0},"end":{"line":88,"column":0}},"88":{"start":{"line":89,"column":0},"end":{"line":89,"column":16}},"89":{"start":{"line":90,"column":0},"end":{"line":90,"column":1}},"90":{"start":{"line":91,"column":0},"end":{"line":91,"column":0}}},"s":{"0":1,"1":1,"2":1,"3":1,"4":1,"5":1,"6":1,"7":1,"8":1,"9":1,"10":1,"11":1,"12":1,"13":1,"14":15,"15":15,"16":15,"17":15,"18":15,"19":15,"20":15,"21":15,"22":15,"23":15,"24":15,"25":15,"26":15,"27":15,"28":15,"29":15,"30":15,"31":1,"32":1,"33":1,"34":1,"35":14,"36":15,"37":1,"38":1,"39":1,"40":1,"41":13,"42":15,"43":2,"44":2,"45":2,"46":2,"47":11,"48":11,"49":15,"50":2,"51":1,"52":1,"53":1,"54":1,"55":1,"56":1,"57":1,"58":1,"59":1,"60":1,"61":2,"62":9,"63":9,"64":9,"65":9,"66":15,"67":2,"68":2,"69":2,"70":2,"71":9,"72":9,"73":9,"74":9,"75":9,"76":15,"77":2,"78":15,"79":1,"80":7,"81":3,"82":3,"83":1,"84":3,"85":2,"86":2,"87":9,"88":9,"89":9,"90":1},"branchMap":{"0":{"type":"branch","line":15,"loc":{"start":{"line":15,"column":0},"end":{"line":90,"column":1}},"locations":[{"start":{"line":15,"column":0},"end":{"line":90,"column":1}}]},"1":{"type":"branch","line":17,"loc":{"start":{"line":17,"column":44},"end":{"line":17,"column":49}},"locations":[{"start":{"line":17,"column":44},"end":{"line":17,"column":49}}]},"2":{"type":"branch","line":18,"loc":{"start":{"line":18,"column":40},"end":{"line":18,"column":48}},"locations":[{"start":{"line":18,"column":40},"end":{"line":18,"column":48}}]},"3":{"type":"branch","line":19,"loc":{"start":{"line":19,"column":50},"end":{"line":19,"column":55}},"locations":[{"start":{"line":19,"column":50},"end":{"line":19,"column":55}}]},"4":{"type":"branch","line":31,"loc":{"start":{"line":31,"column":26},"end":{"line":31,"column":43}},"locations":[{"start":{"line":31,"column":26},"end":{"line":31,"column":43}}]},"5":{"type":"branch","line":31,"loc":{"start":{"line":31,"column":45},"end":{"line":35,"column":3}},"locations":[{"start":{"line":31,"column":45},"end":{"line":35,"column":3}}]},"6":{"type":"branch","line":35,"loc":{"start":{"line":35,"column":2},"end":{"line":37,"column":33}},"locations":[{"start":{"line":35,"column":2},"end":{"line":37,"column":33}}]},"7":{"type":"branch","line":37,"loc":{"start":{"line":37,"column":33},"end":{"line":41,"column":3}},"locations":[{"start":{"line":37,"column":33},"end":{"line":41,"column":3}}]},"8":{"type":"branch","line":41,"loc":{"start":{"line":41,"column":2},"end":{"line":43,"column":16}},"locations":[{"start":{"line":41,"column":2},"end":{"line":43,"column":16}}]},"9":{"type":"branch","line":43,"loc":{"start":{"line":43,"column":16},"end":{"line":43,"column":30}},"locations":[{"start":{"line":43,"column":16},"end":{"line":43,"column":30}}]},"10":{"type":"branch","line":43,"loc":{"start":{"line":43,"column":32},"end":{"line":47,"column":3}},"locations":[{"start":{"line":43,"column":32},"end":{"line":47,"column":3}}]},"11":{"type":"branch","line":47,"loc":{"start":{"line":47,"column":2},"end":{"line":50,"column":18}},"locations":[{"start":{"line":47,"column":2},"end":{"line":50,"column":18}}]},"12":{"type":"branch","line":50,"loc":{"start":{"line":50,"column":18},"end":{"line":62,"column":3}},"locations":[{"start":{"line":50,"column":18},"end":{"line":62,"column":3}}]},"13":{"type":"branch","line":51,"loc":{"start":{"line":51,"column":28},"end":{"line":51,"column":54}},"locations":[{"start":{"line":51,"column":28},"end":{"line":51,"column":54}}]},"14":{"type":"branch","line":51,"loc":{"start":{"line":51,"column":56},"end":{"line":61,"column":5}},"locations":[{"start":{"line":51,"column":56},"end":{"line":61,"column":5}}]},"15":{"type":"branch","line":62,"loc":{"start":{"line":62,"column":2},"end":{"line":67,"column":34}},"locations":[{"start":{"line":62,"column":2},"end":{"line":67,"column":34}}]},"16":{"type":"branch","line":67,"loc":{"start":{"line":67,"column":34},"end":{"line":71,"column":3}},"locations":[{"start":{"line":67,"column":34},"end":{"line":71,"column":3}}]},"17":{"type":"branch","line":71,"loc":{"start":{"line":71,"column":2},"end":{"line":77,"column":24}},"locations":[{"start":{"line":71,"column":2},"end":{"line":77,"column":24}}]},"18":{"type":"branch","line":77,"loc":{"start":{"line":77,"column":24},"end":{"line":79,"column":3}},"locations":[{"start":{"line":77,"column":24},"end":{"line":79,"column":3}}]},"19":{"type":"branch","line":79,"loc":{"start":{"line":79,"column":3},"end":{"line":87,"column":3}},"locations":[{"start":{"line":79,"column":3},"end":{"line":87,"column":3}}]},"20":{"type":"branch","line":79,"loc":{"start":{"line":79,"column":31},"end":{"line":81,"column":3}},"locations":[{"start":{"line":79,"column":31},"end":{"line":81,"column":3}}]},"21":{"type":"branch","line":81,"loc":{"start":{"line":81,"column":3},"end":{"line":87,"column":3}},"locations":[{"start":{"line":81,"column":3},"end":{"line":87,"column":3}}]},"22":{"type":"branch","line":81,"loc":{"start":{"line":81,"column":31},"end":{"line":87,"column":3}},"locations":[{"start":{"line":81,"column":31},"end":{"line":87,"column":3}}]},"23":{"type":"branch","line":83,"loc":{"start":{"line":83,"column":31},"end":{"line":85,"column":3}},"locations":[{"start":{"line":83,"column":31},"end":{"line":85,"column":3}}]},"24":{"type":"branch","line":85,"loc":{"start":{"line":85,"column":3},"end":{"line":87,"column":3}},"locations":[{"start":{"line":85,"column":3},"end":{"line":87,"column":3}}]},"25":{"type":"branch","line":87,"loc":{"start":{"line":87,"column":2},"end":{"line":90,"column":1}},"locations":[{"start":{"line":87,"column":2},"end":{"line":90,"column":1}}]}},"b":{"0":[15],"1":[14],"2":[13],"3":[13],"4":[14],"5":[1],"6":[14],"7":[1],"8":[13],"9":[12],"10":[2],"11":[11],"12":[2],"13":[1],"14":[1],"15":[9],"16":[2],"17":[9],"18":[2],"19":[7],"20":[1],"21":[6],"22":[3],"23":[1],"24":[2],"25":[9]},"fnMap":{"0":{"name":"validateScore","decl":{"start":{"line":15,"column":0},"end":{"line":90,"column":1}},"loc":{"start":{"line":15,"column":0},"end":{"line":90,"column":1}},"line":15}},"f":{"0":15}}
}
